{
"/Users/pencilpix/Code/My/gridGallery/src/assets/js/grid-gallery.js":{"path":"/Users/pencilpix/Code/My/gridGallery/src/assets/js/grid-gallery.js","s":{"1":1,"2":1,"3":4,"4":3,"5":3,"6":4,"7":1,"8":0,"9":0,"10":0,"11":0,"12":0,"13":1,"14":2,"15":2,"16":2,"17":2,"18":1},"b":{"1":[3,0],"2":[0,0],"3":[0,0]},"f":{"1":1,"2":4,"3":0,"4":0,"5":2},"fnMap":{"1":{"name":"(anonymous_1)","line":11,"loc":{"start":{"line":11,"column":1},"end":{"line":11,"column":21}}},"2":{"name":"_extend","line":26,"loc":{"start":{"line":26,"column":2},"end":{"line":26,"column":31}}},"3":{"name":"_checkItems","line":42,"loc":{"start":{"line":42,"column":2},"end":{"line":42,"column":30}}},"4":{"name":"(anonymous_4)","line":43,"loc":{"start":{"line":43,"column":53},"end":{"line":43,"column":68}}},"5":{"name":"GridGallery","line":57,"loc":{"start":{"line":57,"column":2},"end":{"line":57,"column":41}}}},"statementMap":{"1":{"start":{"line":11,"column":0},"end":{"line":67,"column":21}},"2":{"start":{"line":26,"column":2},"end":{"line":34,"column":3}},"3":{"start":{"line":27,"column":4},"end":{"line":31,"column":5}},"4":{"start":{"line":28,"column":6},"end":{"line":30,"column":7}},"5":{"start":{"line":29,"column":8},"end":{"line":29,"column":32}},"6":{"start":{"line":33,"column":4},"end":{"line":33,"column":16}},"7":{"start":{"line":42,"column":2},"end":{"line":50,"column":3}},"8":{"start":{"line":43,"column":4},"end":{"line":46,"column":7}},"9":{"start":{"line":44,"column":6},"end":{"line":45,"column":19}},"10":{"start":{"line":45,"column":8},"end":{"line":45,"column":19}},"11":{"start":{"line":48,"column":4},"end":{"line":49,"column":23}},"12":{"start":{"line":49,"column":6},"end":{"line":49,"column":23}},"13":{"start":{"line":57,"column":2},"end":{"line":64,"column":3}},"14":{"start":{"line":58,"column":4},"end":{"line":58,"column":46}},"15":{"start":{"line":60,"column":4},"end":{"line":60,"column":28}},"16":{"start":{"line":62,"column":4},"end":{"line":62,"column":48}},"17":{"start":{"line":63,"column":4},"end":{"line":63,"column":50}},"18":{"start":{"line":66,"column":2},"end":{"line":66,"column":35}}},"branchMap":{"1":{"line":28,"type":"if","locations":[{"start":{"line":28,"column":6},"end":{"line":28,"column":6}},{"start":{"line":28,"column":6},"end":{"line":28,"column":6}}]},"2":{"line":44,"type":"if","locations":[{"start":{"line":44,"column":6},"end":{"line":44,"column":6}},{"start":{"line":44,"column":6},"end":{"line":44,"column":6}}]},"3":{"line":48,"type":"if","locations":[{"start":{"line":48,"column":4},"end":{"line":48,"column":4}},{"start":{"line":48,"column":4},"end":{"line":48,"column":4}}]}},"l":{"11":1,"26":1,"27":4,"28":3,"29":3,"33":4,"42":1,"43":0,"44":0,"45":0,"48":0,"49":0,"57":1,"58":2,"60":2,"62":2,"63":2,"66":1}}}
